<?xml version="1.0" encoding="UTF-8"?>
<testsuite xmlns:xsi="http://www.w3.org/2001/XMLSchema-instance" xsi:noNamespaceSchemaLocation="https://maven.apache.org/surefire/maven-surefire-plugin/xsd/surefire-test-report-3.0.xsd" version="3.0" name="tests.BookingTest" time="149.854" tests="4" errors="0" skipped="0" failures="2">
  <properties>
[...]
</properties>
  <testcase name="hotelStarsCountOnMapTest" classname="tests.BookingTest" time="43.708">
    <system-err><![CDATA[SLF4J: Failed to load class "org.slf4j.impl.StaticLoggerBinder".
SLF4J: Defaulting to no-operation (NOP) logger implementation
SLF4J: See http://www.slf4j.org/codes.html#StaticLoggerBinder for further details.
Starting ChromeDriver 103.0.5060.134 (8ec6fce403b3feb0869b0732eda8bd95011d333c-refs/branch-heads/5060@{#1262}) on port 58676
Only local connections are allowed.
Please see https://chromedriver.chromium.org/security-considerations for suggestions on keeping ChromeDriver safe.
ChromeDriver was started successfully.
июл. 28, 2022 9:31:57 AM org.openqa.selenium.remote.ProtocolHandshake createSession
INFO: Detected upstream dialect: W3C
июл. 28, 2022 9:31:58 AM org.openqa.selenium.devtools.CdpVersionFinder findNearestMatch
WARNING: Unable to find an exact match for CDP version 103, so returning the closest version found: 102
июл. 28, 2022 9:31:58 AM org.openqa.selenium.devtools.CdpVersionFinder findNearestMatch
INFO: Found CDP implementation for version 103 of 102
]]></system-err>
  </testcase>
  <testcase name="hotelNameTest" classname="tests.BookingTest" time="41.596">
    <failure message="Element not found {.pp-header__title}&#10;Expected: visible&#10;Screenshot: file:/D:/Programming/autoTestMTSFrontendFromBesedinAlexey/homeWork4/build/reports/tests/1658979189803.0.png&#10;Page source: file:/D:/Programming/autoTestMTSFrontendFromBesedinAlexey/homeWork4/build/reports/tests/1658979189803.0.html&#10;Timeout: 4 s.&#10;Caused by: NoSuchElementException: no such element: Unable to locate element: {&quot;method&quot;:&quot;css selector&quot;,&quot;selector&quot;:&quot;.pp-header__title&quot;}" type="Element not found {.pp-header__title}&#10;Expected"><![CDATA[Element not found {.pp-header__title}
Expected: visible
Screenshot: file:/D:/Programming/autoTestMTSFrontendFromBesedinAlexey/homeWork4/build/reports/tests/1658979189803.0.png
Page source: file:/D:/Programming/autoTestMTSFrontendFromBesedinAlexey/homeWork4/build/reports/tests/1658979189803.0.html
Timeout: 4 s.
Caused by: NoSuchElementException: no such element: Unable to locate element: {"method":"css selector","selector":".pp-header__title"}
	at com.codeborne.selenide.impl.WebElementSource.createElementNotFoundError(WebElementSource.java:87)
	at com.codeborne.selenide.impl.ElementFinder.createElementNotFoundError(ElementFinder.java:122)
	at com.codeborne.selenide.impl.WebElementSource.checkConditionAndReturnElement(WebElementSource.java:129)
	at com.codeborne.selenide.impl.WebElementSource.checkCondition(WebElementSource.java:98)
	at com.codeborne.selenide.commands.Should.execute(Should.java:30)
	at com.codeborne.selenide.commands.Should.execute(Should.java:14)
	at com.codeborne.selenide.commands.Commands.execute(Commands.java:155)
	at com.codeborne.selenide.impl.SelenideElementProxy.dispatchAndRetry(SelenideElementProxy.java:129)
	at com.codeborne.selenide.impl.SelenideElementProxy.invoke(SelenideElementProxy.java:81)
	at jdk.proxy2/jdk.proxy2.$Proxy18.shouldBe(Unknown Source)
	at pages.ProductPage.checkHotelName(ProductPage.java:12)
	at tests.BookingTest.hotelNameTest(BookingTest.java:79)
	at java.base/jdk.internal.reflect.NativeMethodAccessorImpl.invoke0(Native Method)
	at java.base/jdk.internal.reflect.NativeMethodAccessorImpl.invoke(NativeMethodAccessorImpl.java:77)
	at java.base/jdk.internal.reflect.DelegatingMethodAccessorImpl.invoke(DelegatingMethodAccessorImpl.java:43)
	at java.base/java.lang.reflect.Method.invoke(Method.java:568)
	at org.junit.runners.model.FrameworkMethod$1.runReflectiveCall(FrameworkMethod.java:59)
	at org.junit.internal.runners.model.ReflectiveCallable.run(ReflectiveCallable.java:12)
	at org.junit.runners.model.FrameworkMethod.invokeExplosively(FrameworkMethod.java:56)
	at org.junit.internal.runners.statements.InvokeMethod.evaluate(InvokeMethod.java:17)
	at org.junit.internal.runners.statements.RunBefores.evaluate(RunBefores.java:26)
	at org.junit.internal.runners.statements.RunAfters.evaluate(RunAfters.java:27)
	at org.junit.runners.ParentRunner$3.evaluate(ParentRunner.java:306)
	at org.junit.runners.BlockJUnit4ClassRunner$1.evaluate(BlockJUnit4ClassRunner.java:100)
	at org.junit.runners.ParentRunner.runLeaf(ParentRunner.java:366)
	at org.junit.runners.BlockJUnit4ClassRunner.runChild(BlockJUnit4ClassRunner.java:103)
	at org.junit.runners.BlockJUnit4ClassRunner.runChild(BlockJUnit4ClassRunner.java:63)
	at org.junit.runners.ParentRunner$4.run(ParentRunner.java:331)
	at org.junit.runners.ParentRunner$1.schedule(ParentRunner.java:79)
	at org.junit.runners.ParentRunner.runChildren(ParentRunner.java:329)
	at org.junit.runners.ParentRunner.access$100(ParentRunner.java:66)
	at org.junit.runners.ParentRunner$2.evaluate(ParentRunner.java:293)
	at org.junit.runners.ParentRunner$3.evaluate(ParentRunner.java:306)
	at org.junit.runners.ParentRunner.run(ParentRunner.java:413)
	at org.apache.maven.surefire.junit4.JUnit4Provider.execute(JUnit4Provider.java:377)
	at org.apache.maven.surefire.junit4.JUnit4Provider.executeWithRerun(JUnit4Provider.java:284)
	at org.apache.maven.surefire.junit4.JUnit4Provider.executeTestSet(JUnit4Provider.java:248)
	at org.apache.maven.surefire.junit4.JUnit4Provider.invoke(JUnit4Provider.java:167)
	at org.apache.maven.surefire.booter.ForkedBooter.runSuitesInProcess(ForkedBooter.java:456)
	at org.apache.maven.surefire.booter.ForkedBooter.execute(ForkedBooter.java:169)
	at org.apache.maven.surefire.booter.ForkedBooter.run(ForkedBooter.java:595)
	at org.apache.maven.surefire.booter.ForkedBooter.main(ForkedBooter.java:581)
Caused by: org.openqa.selenium.NoSuchElementException: no such element: Unable to locate element: {"method":"css selector","selector":".pp-header__title"}
  (Session info: chrome=103.0.5060.134)
For documentation on this error, please visit: https://selenium.dev/exceptions/#no_such_element
Build info: version: '4.2.1', revision: 'ac4d0fdd4a'
System info: host: 'DESKTOP-1NRNPC6', ip: '172.17.208.1', os.name: 'Windows 10', os.arch: 'amd64', os.version: '10.0', java.version: '17.0.2'
Driver info: org.openqa.selenium.chrome.ChromeDriver
Command: [9f670602d858d05dc8e3fcb448bfd502, findElement {using=css selector, value=.pp-header__title}]
Capabilities {acceptInsecureCerts: true, browserName: chrome, browserVersion: 103.0.5060.134, chrome: {chromedriverVersion: 103.0.5060.134 (8ec6fce403b..., userDataDir: C:\Users\andro\AppData\Loca...}, goog:chromeOptions: {debuggerAddress: localhost:62532}, networkConnectionEnabled: false, pageLoadStrategy: normal, platformName: WINDOWS, proxy: Proxy(), se:cdp: ws://localhost:62532/devtoo..., se:cdpVersion: 103.0.5060.134, setWindowRect: true, strictFileInteractability: false, timeouts: {implicit: 0, pageLoad: 300000, script: 30000}, unhandledPromptBehavior: accept, webauthn:extension:credBlob: true, webauthn:extension:largeBlob: true, webauthn:virtualAuthenticators: true}
Session ID: 9f670602d858d05dc8e3fcb448bfd502
	at java.base/jdk.internal.reflect.NativeConstructorAccessorImpl.newInstance0(Native Method)
	at java.base/jdk.internal.reflect.NativeConstructorAccessorImpl.newInstance(NativeConstructorAccessorImpl.java:77)
	at java.base/jdk.internal.reflect.DelegatingConstructorAccessorImpl.newInstance(DelegatingConstructorAccessorImpl.java:45)
	at java.base/java.lang.reflect.Constructor.newInstanceWithCaller(Constructor.java:499)
	at java.base/java.lang.reflect.Constructor.newInstance(Constructor.java:480)
	at org.openqa.selenium.remote.codec.w3c.W3CHttpResponseCodec.createException(W3CHttpResponseCodec.java:200)
	at org.openqa.selenium.remote.codec.w3c.W3CHttpResponseCodec.decode(W3CHttpResponseCodec.java:133)
	at org.openqa.selenium.remote.codec.w3c.W3CHttpResponseCodec.decode(W3CHttpResponseCodec.java:53)
	at org.openqa.selenium.remote.HttpCommandExecutor.execute(HttpCommandExecutor.java:184)
	at org.openqa.selenium.remote.service.DriverCommandExecutor.invokeExecute(DriverCommandExecutor.java:167)
	at org.openqa.selenium.remote.service.DriverCommandExecutor.execute(DriverCommandExecutor.java:142)
	at org.openqa.selenium.remote.RemoteWebDriver.execute(RemoteWebDriver.java:551)
	at org.openqa.selenium.remote.ElementLocation$ElementFinder$2.findElement(ElementLocation.java:162)
	at org.openqa.selenium.remote.ElementLocation.findElement(ElementLocation.java:60)
	at org.openqa.selenium.remote.RemoteWebDriver.findElement(RemoteWebDriver.java:369)
	at org.openqa.selenium.remote.RemoteWebDriver.findElement(RemoteWebDriver.java:361)
	at com.codeborne.selenide.impl.WebElementSelector.findElement(WebElementSelector.java:70)
	at com.codeborne.selenide.impl.WebElementSelector.findElement(WebElementSelector.java:44)
	at com.codeborne.selenide.impl.WebElementSelector.findElement(WebElementSelector.java:33)
	at com.codeborne.selenide.impl.ElementFinder.getWebElement(ElementFinder.java:102)
	at com.codeborne.selenide.impl.WebElementSource.checkConditionAndReturnElement(WebElementSource.java:110)
	... 39 more
]]></failure>
    <system-err><![CDATA[Starting ChromeDriver 103.0.5060.134 (8ec6fce403b3feb0869b0732eda8bd95011d333c-refs/branch-heads/5060@{#1262}) on port 50040
Only local connections are allowed.
Please see https://chromedriver.chromium.org/security-considerations for suggestions on keeping ChromeDriver safe.
ChromeDriver was started successfully.
июл. 28, 2022 9:32:34 AM org.openqa.selenium.remote.ProtocolHandshake createSession
INFO: Detected upstream dialect: W3C
июл. 28, 2022 9:32:34 AM org.openqa.selenium.devtools.CdpVersionFinder findNearestMatch
WARNING: Unable to find an exact match for CDP version 103, so returning the closest version found: 102
июл. 28, 2022 9:32:34 AM org.openqa.selenium.devtools.CdpVersionFinder findNearestMatch
INFO: Found CDP implementation for version 103 of 102
]]></system-err>
  </testcase>
  <testcase name="hotelStarsCountTest" classname="tests.BookingTest" time="27.21">
    <system-err><![CDATA[Starting ChromeDriver 103.0.5060.134 (8ec6fce403b3feb0869b0732eda8bd95011d333c-refs/branch-heads/5060@{#1262}) on port 57038
Only local connections are allowed.
Please see https://chromedriver.chromium.org/security-considerations for suggestions on keeping ChromeDriver safe.
ChromeDriver was started successfully.
июл. 28, 2022 9:33:16 AM org.openqa.selenium.remote.ProtocolHandshake createSession
INFO: Detected upstream dialect: W3C
июл. 28, 2022 9:33:16 AM org.openqa.selenium.devtools.CdpVersionFinder findNearestMatch
WARNING: Unable to find an exact match for CDP version 103, so returning the closest version found: 102
июл. 28, 2022 9:33:16 AM org.openqa.selenium.devtools.CdpVersionFinder findNearestMatch
INFO: Found CDP implementation for version 103 of 102
]]></system-err>
  </testcase>
  <testcase name="mapMarkerCountTest" classname="tests.BookingTest" time="36.762">
    <failure message="List size mismatch: expected: = 27, actual: 21, collection: .svg-marker.svg-poi.atlas-marker.hotel.fading:not([class*=&apos;soldout&apos;])&#10;Elements: [&#10;	&lt;div class=&quot;svg-marker svg-poi atlas-marker hotel fading&#10;&quot; data-atlas-id=&quot;hotel_91427&quot;&gt;&lt;/div&gt;,&#10;	&lt;div class=&quot;svg-marker svg-poi atlas-marker hotel fading&#10;&quot; data-atlas-id=&quot;hotel_492952&quot;&gt;&lt;/div&gt;,&#10;	&lt;div class=&quot;svg-marker svg-poi atlas-marker hotel fading&#10;&quot; data-atlas-id=&quot;hotel_386244&quot;&gt;&lt;/div&gt;,&#10;	&lt;div class=&quot;svg-marker svg-poi atlas-marker hotel fading&#10;&quot; data-atlas-id=&quot;hotel_1799094&quot;&gt;&lt;/div&gt;,&#10;	&lt;div class=&quot;svg-marker svg-poi atlas-marker hotel fading&#10;&quot; data-atlas-id=&quot;hotel_90985&quot;&gt;&lt;/div&gt;,&#10;	&lt;div class=&quot;svg-marker svg-poi atlas-marker hotel fading&#10;&quot; data-atlas-id=&quot;hotel_255154&quot;&gt;&lt;/div&gt;,&#10;	&lt;div class=&quot;svg-marker svg-poi atlas-marker hotel fading&#10;&quot; data-atlas-id=&quot;hotel_555685&quot;&gt;&lt;/div&gt;,&#10;	&lt;div class=&quot;svg-marker svg-poi atlas-marker hotel fading&#10;&quot; data-atlas-id=&quot;hotel_444783&quot;&gt;&lt;/div&gt;,&#10;	&lt;div class=&quot;svg-marker svg-poi atlas-marker hotel fading&#10;&quot; data-atlas-id=&quot;hotel_90777&quot;&gt;&lt;/div&gt;,&#10;	&lt;div class=&quot;svg-marker svg-poi atlas-marker hotel fading&#10;&quot; data-atlas-id=&quot;hotel_90411&quot;&gt;&lt;/div&gt;,&#10;	&lt;div class=&quot;svg-marker svg-poi atlas-marker hotel fading&#10;&quot; data-atlas-id=&quot;hotel_94671&quot;&gt;&lt;/div&gt;,&#10;	&lt;div class=&quot;svg-marker svg-poi atlas-marker hotel fading&#10;&quot; data-atlas-id=&quot;hotel_738474&quot;&gt;&lt;/div&gt;,&#10;	&lt;div class=&quot;svg-marker svg-poi atlas-marker hotel fading&#10;&quot; data-atlas-id=&quot;hotel_91345&quot;&gt;&lt;/div&gt;,&#10;	&lt;div class=&quot;svg-marker svg-poi atlas-marker hotel fading&#10;&quot; data-atlas-id=&quot;hotel_90582&quot;&gt;&lt;/div&gt;,&#10;	&lt;div class=&quot;svg-marker svg-poi atlas-marker hotel fading&#10;&quot; data-atlas-id=&quot;hotel_97502&quot;&gt;&lt;/div&gt;,&#10;	&lt;div class=&quot;svg-marker svg-poi atlas-marker hotel fading&#10;&quot; data-atlas-id=&quot;hotel_1956465&quot;&gt;&lt;/div&gt;,&#10;	&lt;div class=&quot;svg-marker svg-poi atlas-marker hotel fading&#10;&quot; data-atlas-id=&quot;hotel_90374&quot;&gt;&lt;/div&gt;,&#10;	&lt;div class=&quot;svg-marker svg-poi atlas-marker hotel fading&#10;&quot; data-atlas-id=&quot;hotel_42212&quot;&gt;&lt;/div&gt;,&#10;	&lt;div class=&quot;svg-marker svg-poi atlas-marker hotel fading&#10;&quot; data-atlas-id=&quot;hotel_93450&quot;&gt;&lt;/div&gt;,&#10;	&lt;div class=&quot;svg-marker svg-poi atlas-marker hotel fading&#10;&quot; data-atlas-id=&quot;hotel_90587&quot;&gt;&lt;/div&gt;,&#10;	&lt;div class=&quot;svg-marker svg-poi atlas-marker hotel fading&#10;&quot; data-atlas-id=&quot;hotel_98104&quot;&gt;&lt;/div&gt;&#10;]&#10;Screenshot: file:/D:/Programming/autoTestMTSFrontendFromBesedinAlexey/homeWork4/build/reports/tests/1658979255435.1.png&#10;Page source: file:/D:/Programming/autoTestMTSFrontendFromBesedinAlexey/homeWork4/build/reports/tests/1658979255435.1.html&#10;Timeout: 4 s." type="List size mismatch"><![CDATA[List size mismatch: expected: = 27, actual: 21, collection: .svg-marker.svg-poi.atlas-marker.hotel.fading:not([class*='soldout'])
Elements: [
	<div class="svg-marker svg-poi atlas-marker hotel fading
" data-atlas-id="hotel_91427"></div>,
	<div class="svg-marker svg-poi atlas-marker hotel fading
" data-atlas-id="hotel_492952"></div>,
	<div class="svg-marker svg-poi atlas-marker hotel fading
" data-atlas-id="hotel_386244"></div>,
	<div class="svg-marker svg-poi atlas-marker hotel fading
" data-atlas-id="hotel_1799094"></div>,
	<div class="svg-marker svg-poi atlas-marker hotel fading
" data-atlas-id="hotel_90985"></div>,
	<div class="svg-marker svg-poi atlas-marker hotel fading
" data-atlas-id="hotel_255154"></div>,
	<div class="svg-marker svg-poi atlas-marker hotel fading
" data-atlas-id="hotel_555685"></div>,
	<div class="svg-marker svg-poi atlas-marker hotel fading
" data-atlas-id="hotel_444783"></div>,
	<div class="svg-marker svg-poi atlas-marker hotel fading
" data-atlas-id="hotel_90777"></div>,
	<div class="svg-marker svg-poi atlas-marker hotel fading
" data-atlas-id="hotel_90411"></div>,
	<div class="svg-marker svg-poi atlas-marker hotel fading
" data-atlas-id="hotel_94671"></div>,
	<div class="svg-marker svg-poi atlas-marker hotel fading
" data-atlas-id="hotel_738474"></div>,
	<div class="svg-marker svg-poi atlas-marker hotel fading
" data-atlas-id="hotel_91345"></div>,
	<div class="svg-marker svg-poi atlas-marker hotel fading
" data-atlas-id="hotel_90582"></div>,
	<div class="svg-marker svg-poi atlas-marker hotel fading
" data-atlas-id="hotel_97502"></div>,
	<div class="svg-marker svg-poi atlas-marker hotel fading
" data-atlas-id="hotel_1956465"></div>,
	<div class="svg-marker svg-poi atlas-marker hotel fading
" data-atlas-id="hotel_90374"></div>,
	<div class="svg-marker svg-poi atlas-marker hotel fading
" data-atlas-id="hotel_42212"></div>,
	<div class="svg-marker svg-poi atlas-marker hotel fading
" data-atlas-id="hotel_93450"></div>,
	<div class="svg-marker svg-poi atlas-marker hotel fading
" data-atlas-id="hotel_90587"></div>,
	<div class="svg-marker svg-poi atlas-marker hotel fading
" data-atlas-id="hotel_98104"></div>
]
Screenshot: file:/D:/Programming/autoTestMTSFrontendFromBesedinAlexey/homeWork4/build/reports/tests/1658979255435.1.png
Page source: file:/D:/Programming/autoTestMTSFrontendFromBesedinAlexey/homeWork4/build/reports/tests/1658979255435.1.html
Timeout: 4 s.
	at com.codeborne.selenide.collections.ListSize.fail(ListSize.java:32)
	at com.codeborne.selenide.ElementsCollection.waitUntil(ElementsCollection.java:198)
	at com.codeborne.selenide.ElementsCollection.should(ElementsCollection.java:143)
	at com.codeborne.selenide.ElementsCollection.shouldBe(ElementsCollection.java:102)
	at pages.MapPage.checkLeftCardsContainersCountAndMarkerCount(MapPage.java:44)
	at tests.BookingTest.mapMarkerCountTest(BookingTest.java:60)
	at java.base/jdk.internal.reflect.NativeMethodAccessorImpl.invoke0(Native Method)
	at java.base/jdk.internal.reflect.NativeMethodAccessorImpl.invoke(NativeMethodAccessorImpl.java:77)
	at java.base/jdk.internal.reflect.DelegatingMethodAccessorImpl.invoke(DelegatingMethodAccessorImpl.java:43)
	at java.base/java.lang.reflect.Method.invoke(Method.java:568)
	at org.junit.runners.model.FrameworkMethod$1.runReflectiveCall(FrameworkMethod.java:59)
	at org.junit.internal.runners.model.ReflectiveCallable.run(ReflectiveCallable.java:12)
	at org.junit.runners.model.FrameworkMethod.invokeExplosively(FrameworkMethod.java:56)
	at org.junit.internal.runners.statements.InvokeMethod.evaluate(InvokeMethod.java:17)
	at org.junit.internal.runners.statements.RunBefores.evaluate(RunBefores.java:26)
	at org.junit.internal.runners.statements.RunAfters.evaluate(RunAfters.java:27)
	at org.junit.runners.ParentRunner$3.evaluate(ParentRunner.java:306)
	at org.junit.runners.BlockJUnit4ClassRunner$1.evaluate(BlockJUnit4ClassRunner.java:100)
	at org.junit.runners.ParentRunner.runLeaf(ParentRunner.java:366)
	at org.junit.runners.BlockJUnit4ClassRunner.runChild(BlockJUnit4ClassRunner.java:103)
	at org.junit.runners.BlockJUnit4ClassRunner.runChild(BlockJUnit4ClassRunner.java:63)
	at org.junit.runners.ParentRunner$4.run(ParentRunner.java:331)
	at org.junit.runners.ParentRunner$1.schedule(ParentRunner.java:79)
	at org.junit.runners.ParentRunner.runChildren(ParentRunner.java:329)
	at org.junit.runners.ParentRunner.access$100(ParentRunner.java:66)
	at org.junit.runners.ParentRunner$2.evaluate(ParentRunner.java:293)
	at org.junit.runners.ParentRunner$3.evaluate(ParentRunner.java:306)
	at org.junit.runners.ParentRunner.run(ParentRunner.java:413)
	at org.apache.maven.surefire.junit4.JUnit4Provider.execute(JUnit4Provider.java:377)
	at org.apache.maven.surefire.junit4.JUnit4Provider.executeWithRerun(JUnit4Provider.java:284)
	at org.apache.maven.surefire.junit4.JUnit4Provider.executeTestSet(JUnit4Provider.java:248)
	at org.apache.maven.surefire.junit4.JUnit4Provider.invoke(JUnit4Provider.java:167)
	at org.apache.maven.surefire.booter.ForkedBooter.runSuitesInProcess(ForkedBooter.java:456)
	at org.apache.maven.surefire.booter.ForkedBooter.execute(ForkedBooter.java:169)
	at org.apache.maven.surefire.booter.ForkedBooter.run(ForkedBooter.java:595)
	at org.apache.maven.surefire.booter.ForkedBooter.main(ForkedBooter.java:581)
]]></failure>
    <system-err><![CDATA[Starting ChromeDriver 103.0.5060.134 (8ec6fce403b3feb0869b0732eda8bd95011d333c-refs/branch-heads/5060@{#1262}) on port 49858
Only local connections are allowed.
Please see https://chromedriver.chromium.org/security-considerations for suggestions on keeping ChromeDriver safe.
ChromeDriver was started successfully.
июл. 28, 2022 9:33:43 AM org.openqa.selenium.remote.ProtocolHandshake createSession
INFO: Detected upstream dialect: W3C
июл. 28, 2022 9:33:43 AM org.openqa.selenium.devtools.CdpVersionFinder findNearestMatch
WARNING: Unable to find an exact match for CDP version 103, so returning the closest version found: 102
июл. 28, 2022 9:33:43 AM org.openqa.selenium.devtools.CdpVersionFinder findNearestMatch
INFO: Found CDP implementation for version 103 of 102
]]></system-err>
  </testcase>
</testsuite>